[S_mainBackground] 1 minutes ON..
 * Serving Flask app "Hello World!" (lazy loading)
 * Environment: production
   WARNING: This is a development server. Do not use it in a production deployment.
   Use a production WSGI server instead.
 * Debug mode: off
 * Running on http://203.253.25.184:8080/ (Press CTRL+C to quit)
[S_mainBackground] 2 minutes ON..
[S_mainBackground] 3 minutes ON..
[S_mainBackground] 4 minutes ON..
[S_mainBackground] 5 minutes ON..
[S_mainBackground] 6 minutes ON..
[S_mainBackground] 7 minutes ON..
[S_mainBackground] 8 minutes ON..
[S_mainBackground] 9 minutes ON..
[S_mainBackground] 10 minutes ON..
[S_mainBackground] 11 minutes ON..
[S_mainBackground] 12 minutes ON..
[S_mainBackground] 1 minutes ON..
 * Serving Flask app "Hello World!" (lazy loading)
 * Environment: production
   WARNING: This is a development server. Do not use it in a production deployment.
   Use a production WSGI server instead.
 * Debug mode: off
 * Running on http://203.253.25.184:8080/ (Press CTRL+C to quit)
